URL: http://ipacaw.gm/rawecit - Message: No relevant content found
URL: http://muljo.mt/wo - Message: No relevant content found
URL: http://igmam.ug/uk - Message: No relevant content found
URL: http://zodabrap.ug/terpupduv - Message: No relevant content found
URL: http://nogbu.pk/etawabe - Message: No relevant content found
URL: http://lomhitit.mu/acavevel - Message: No relevant content found
URL: http://rorguw.sj/saswon - Message: No relevant content found
URL: http://pal.jo/ki - Message: No relevant content found
URL: http://momgu.kz/ipgid - Message: No relevant content found
URL: http://hivo.hm/runit - Message: No relevant content found
URL: http://rih.ki/enwemi - Message: No relevant content found
URL: http://jiibsiw.tl/ceteji - Message: No relevant content found
URL: http://pa.gi/zotbihun - Message: No relevant content found
URL: http://beiki.mt/gizji - Message: No relevant content found
URL: http://nakeik.cz/ri - Message: No relevant content found
URL: http://cagcocwa.hk/upodiav - Message: No relevant content found
URL: http://sesgomeje.gl/kuama - Message: No relevant content found
URL: http://guefi.zw/ovconjag - Message: No relevant content found
URL: http://ti.mp/kiw - Message: No relevant content found
URL: http://voz.zm/gitro - Message: No relevant content found
URL: http://her.ax/califuz - Message: No relevant content found
URL: http://adiwo.co.uk/wen - Message: No relevant content found
URL: http://zojjihta.no/vuafi - Message: No relevant content found
URL: http://anodupho.hm/vehnad - Message: No relevant content found
URL: http://hokdiklo.tt/ziz - Message: No relevant content found
URL: http://somet.sg/inujeos - Message: No relevant content found
URL: http://nibma.mq/biv - Message: No relevant content found
URL: http://ji.bm/mirop - Message: No relevant content found
URL: http://oh.gm/na - Message: No relevant content found
URL: http://uliod.il/fo - Message: No relevant content found
URL: http://me.sn/bukatpa - Message: No relevant content found
URL: http://jeajanut.fj/tuju - Message: No relevant content found
URL: http://ocunuh.pa/keke - Message: No relevant content found
URL: http://nahcumog.lr/efo - Message: No relevant content found
URL: http://ivtu.sm/ofpatwil - Message: No relevant content found
URL: http://uddibi.ug/peca - Message: No relevant content found
URL: http://dapkejic.ve/ozkek - Message: No relevant content found
URL: http://kifez.aw/wu - Message: No relevant content found
URL: http://vurbavdo.bz/onu - Message: No relevant content found
URL: http://lew.gg/gewgicah - Message: No relevant content found
URL: http://esowiz.ua/hejsibob - Message: No relevant content found
URL: http://gosufu.cz/od - Message: No relevant content found
URL: http://anozepi.pe/votetre - Message: No relevant content found
URL: http://fipe.zw/povrig - Message: No relevant content found
URL: http://osezumal.my/jur - Message: No relevant content found
URL: http://hok.tk/mo - Message: No relevant content found
URL: http://vezgov.dm/linguupa - Message: No relevant content found
URL: http://tubfomuz.mo/uwihat - Message: No relevant content found
URL: http://gevaw.bf/idhu - Message: No relevant content found
URL: http://amatosez.kg/cudodcu - Message: No relevant content found
URL: http://cuzka.ax/elvuravu - Message: No relevant content found
URL: http://jo.gu/vupne - Message: No relevant content found
URL: http://ko.lt/uzaicijov - Message: No relevant content found
URL: http://cor.cd/gacto - Message: No relevant content found
URL: http://tiblu.bj/fugcas - Message: No relevant content found
URL: http://sikvap.bz/im - Message: No relevant content found
URL: http://gazgede.as/defuzo - Message: No relevant content found
URL: http://ago.at/gujke - Message: No relevant content found
URL: http://eno.tr/piv - Message: No relevant content found
URL: http://rijuzvej.lk/afa - Message: No relevant content found
URL: http://udoob.tj/al - Message: No relevant content found
URL: http://lilekda.gd/ninke - Message: No relevant content found
URL: http://up.sg/buejefoz - Message: No relevant content found
URL: http://jitagbob.gy/hod - Message: No relevant content found
URL: http://tihvef.im/wuh - Message: No relevant content found
URL: http://vidheh.de/hupilli - Message: No relevant content found
URL: http://gatpib.mm/ocakoc - Message: No relevant content found
URL: http://uc.pa/rokew - Message: No relevant content found
URL: http://tinavo.hn/ohhebgu - Message: No relevant content found
URL: http://suzazu.pn/afuwez - Message: No relevant content found
URL: http://pih.bw/wol - Message: No relevant content found
URL: http://sise.lk/za - Message: No relevant content found
URL: http://huv.rw/fe - Message: No relevant content found
URL: http://epizitob.vi/soztaed - Message: No relevant content found
URL: http://hip.mc/uno - Message: No relevant content found
URL: http://rovmu.vn/hardem - Message: No relevant content found
URL: http://sog.pw/fod - Message: No relevant content found
URL: http://wuk.py/wah - Message: No relevant content found
URL: http://ijo.sj/tiuwhi - Message: No relevant content found
URL: http://amatugwos.au/bimni - Message: No relevant content found
URL: http://legseuwe.bj/ukva - Message: No relevant content found
URL: http://fam.cv/hu - Message: No relevant content found
URL: http://bencos.io/ten - Message: No relevant content found
URL: http://rihaffup.lr/kezami - Message: No relevant content found
URL: http://ler.ws/ojkilmuk - Message: No relevant content found
URL: http://pijogo.bd/pik - Message: No relevant content found
URL: http://hek.cv/pom - Message: No relevant content found
URL: http://gijat.cz/red - Message: No relevant content found
URL: http://wecetta.hr/govuvu - Message: No relevant content found
URL: http://iwaufvu.ch/macheob - Message: No relevant content found
URL: https://andorratravelservice.com/resort-guides/el-tarter - Message: No relevant content found
